<?xml version="1.0" encoding="UTF-8"?>
<coverage generated="1525486100745" clover="3.2.0">
  <project timestamp="1525486100745" name="All files">
    <metrics statements="15" coveredstatements="11" conditionals="2" coveredconditionals="0" methods="5" coveredmethods="2" elements="22" coveredelements="13" complexity="0" loc="15" ncloc="15" packages="2" files="2" classes="2">
      <package name="client.src">
        <metrics statements="3" coveredstatements="2" conditionals="2" coveredconditionals="0" methods="3" coveredmethods="2"/>
        <file name="header.jsx" path="/Users/Pooja_Kodavanti/Desktop/HR-SDC/gallery/client/src/header.jsx">
          <metrics statements="3" coveredstatements="2" conditionals="2" coveredconditionals="0" methods="3" coveredmethods="2"/>
          <line num="8" count="2" type="stmt"/>
          <line num="12" count="2" type="stmt"/>
          <line num="19" count="0" type="cond" truecount="0" falsecount="2"/>
        </file>
      </package>
      <package name="database">
        <metrics statements="12" coveredstatements="9" conditionals="0" coveredconditionals="0" methods="2" coveredmethods="0"/>
        <file name="index.js" path="/Users/Pooja_Kodavanti/Desktop/HR-SDC/gallery/database/index.js">
          <metrics statements="12" coveredstatements="9" conditionals="0" coveredconditionals="0" methods="2" coveredmethods="0"/>
          <line num="1" count="1" type="stmt"/>
          <line num="3" count="1" type="stmt"/>
          <line num="4" count="1" type="stmt"/>
          <line num="6" count="1" type="stmt"/>
          <line num="8" count="1" type="stmt"/>
          <line num="9" count="0" type="stmt"/>
          <line num="11" count="1" type="stmt"/>
          <line num="12" count="0" type="stmt"/>
          <line num="13" count="0" type="stmt"/>
          <line num="16" count="1" type="stmt"/>
          <line num="22" count="1" type="stmt"/>
          <line num="24" count="1" type="stmt"/>
        </file>
      </package>
    </metrics>
  </project>
</coverage>
