<?xml version="1.0" encoding="UTF-8"?>
<coverage generated="1524601514536" clover="3.2.0">
  <project timestamp="1524601514536" name="All files">
    <metrics statements="13" coveredstatements="12" conditionals="2" coveredconditionals="0" methods="3" coveredmethods="2" elements="18" coveredelements="14" complexity="0" loc="13" ncloc="13" packages="2" files="3" classes="3">
      <package name="client.src">
        <metrics statements="3" coveredstatements="2" conditionals="2" coveredconditionals="0" methods="3" coveredmethods="2"/>
        <file name="header.jsx" path="/Users/yogitasheth/Desktop/gallery/client/src/header.jsx">
          <metrics statements="3" coveredstatements="2" conditionals="2" coveredconditionals="0" methods="3" coveredmethods="2"/>
          <line num="8" count="2" type="stmt"/>
          <line num="12" count="2" type="stmt"/>
          <line num="19" count="0" type="cond" truecount="0" falsecount="2"/>
        </file>
      </package>
      <package name="database">
        <metrics statements="10" coveredstatements="10" conditionals="0" coveredconditionals="0" methods="0" coveredmethods="0"/>
        <file name="index.js" path="/Users/yogitasheth/Desktop/gallery/database/index.js">
          <metrics statements="4" coveredstatements="4" conditionals="0" coveredconditionals="0" methods="0" coveredmethods="0"/>
          <line num="1" count="1" type="stmt"/>
          <line num="2" count="1" type="stmt"/>
          <line num="4" count="1" type="stmt"/>
          <line num="6" count="1" type="stmt"/>
        </file>
        <file name="list.js" path="/Users/yogitasheth/Desktop/gallery/database/list.js">
          <metrics statements="6" coveredstatements="6" conditionals="0" coveredconditionals="0" methods="0" coveredmethods="0"/>
          <line num="1" count="1" type="stmt"/>
          <line num="2" count="1" type="stmt"/>
          <line num="3" count="1" type="stmt"/>
          <line num="5" count="1" type="stmt"/>
          <line num="11" count="1" type="stmt"/>
          <line num="13" count="1" type="stmt"/>
        </file>
      </package>
    </metrics>
  </project>
</coverage>
