{"/Users/Pooja_Kodavanti/Desktop/HR-SDC/gallery/client/src/header.jsx": {"path":"/Users/Pooja_Kodavanti/Desktop/HR-SDC/gallery/client/src/header.jsx","statementMap":{"0":{"start":{"line":8,"column":4},"end":{"line":8,"column":17}},"1":{"start":{"line":12,"column":4},"end":{"line":40,"column":5}},"2":{"start":{"line":19,"column":120},"end":{"line":19,"column":196}},"3":{"start":{"line":19,"column":148},"end":{"line":19,"column":195}}},"fnMap":{"0":{"name":"(anonymous_0)","decl":{"start":{"line":7,"column":2},"end":{"line":7,"column":3}},"loc":{"start":{"line":7,"column":21},"end":{"line":9,"column":3}},"line":7},"1":{"name":"(anonymous_1)","decl":{"start":{"line":10,"column":2},"end":{"line":10,"column":3}},"loc":{"start":{"line":10,"column":11},"end":{"line":42,"column":3}},"line":10},"2":{"name":"(anonymous_2)","decl":{"start":{"line":19,"column":110},"end":{"line":19,"column":111}},"loc":{"start":{"line":19,"column":119},"end":{"line":19,"column":197}},"line":19}},"branchMap":{"0":{"loc":{"start":{"line":19,"column":120},"end":{"line":19,"column":196}},"type":"if","locations":[{"start":{"line":19,"column":120},"end":{"line":19,"column":196}},{"start":{"line":19,"column":120},"end":{"line":19,"column":196}}],"line":19}},"s":{"0":2,"1":2,"2":0,"3":0},"f":{"0":2,"1":2,"2":0},"b":{"0":[0,0]},"_coverageSchema":"332fd63041d2c1bcb487cc26dd0d5f7d97098a6c","hash":"8b118c811a4b534a51315ea710d40d16fe940a46"}
,"/Users/Pooja_Kodavanti/Desktop/HR-SDC/gallery/database/index.js": {"path":"/Users/Pooja_Kodavanti/Desktop/HR-SDC/gallery/database/index.js","statementMap":{"0":{"start":{"line":1,"column":17},"end":{"line":1,"column":36}},"1":{"start":{"line":3,"column":23},"end":{"line":3,"column":59}},"2":{"start":{"line":4,"column":17},"end":{"line":4,"column":54}},"3":{"start":{"line":6,"column":0},"end":{"line":6,"column":27}},"4":{"start":{"line":8,"column":0},"end":{"line":10,"column":3}},"5":{"start":{"line":9,"column":2},"end":{"line":9,"column":42}},"6":{"start":{"line":11,"column":0},"end":{"line":14,"column":3}},"7":{"start":{"line":12,"column":2},"end":{"line":12,"column":59}},"8":{"start":{"line":13,"column":2},"end":{"line":13,"column":35}},"9":{"start":{"line":16,"column":15},"end":{"line":20,"column":2}},"10":{"start":{"line":22,"column":22},"end":{"line":22,"column":54}},"11":{"start":{"line":24,"column":0},"end":{"line":24,"column":38}}},"fnMap":{"0":{"name":"(anonymous_0)","decl":{"start":{"line":8,"column":36},"end":{"line":8,"column":37}},"loc":{"start":{"line":8,"column":42},"end":{"line":10,"column":1}},"line":8},"1":{"name":"(anonymous_1)","decl":{"start":{"line":11,"column":32},"end":{"line":11,"column":33}},"loc":{"start":{"line":11,"column":41},"end":{"line":14,"column":1}},"line":11}},"branchMap":{},"s":{"0":1,"1":1,"2":1,"3":1,"4":1,"5":0,"6":1,"7":0,"8":0,"9":1,"10":1,"11":1},"f":{"0":0,"1":0},"b":{},"_coverageSchema":"332fd63041d2c1bcb487cc26dd0d5f7d97098a6c","hash":"9b47680e3427e60e415c2ce6146ad3c26b7e19f2"}
}
