{"/Users/yogitasheth/Desktop/gallery/client/src/header.jsx": {"path":"/Users/yogitasheth/Desktop/gallery/client/src/header.jsx","statementMap":{"0":{"start":{"line":8,"column":4},"end":{"line":8,"column":17}},"1":{"start":{"line":12,"column":4},"end":{"line":40,"column":5}},"2":{"start":{"line":19,"column":120},"end":{"line":19,"column":196}},"3":{"start":{"line":19,"column":148},"end":{"line":19,"column":195}}},"fnMap":{"0":{"name":"(anonymous_0)","decl":{"start":{"line":7,"column":2},"end":{"line":7,"column":3}},"loc":{"start":{"line":7,"column":21},"end":{"line":9,"column":3}},"line":7},"1":{"name":"(anonymous_1)","decl":{"start":{"line":10,"column":2},"end":{"line":10,"column":3}},"loc":{"start":{"line":10,"column":11},"end":{"line":42,"column":3}},"line":10},"2":{"name":"(anonymous_2)","decl":{"start":{"line":19,"column":110},"end":{"line":19,"column":111}},"loc":{"start":{"line":19,"column":119},"end":{"line":19,"column":197}},"line":19}},"branchMap":{"0":{"loc":{"start":{"line":19,"column":120},"end":{"line":19,"column":196}},"type":"if","locations":[{"start":{"line":19,"column":120},"end":{"line":19,"column":196}},{"start":{"line":19,"column":120},"end":{"line":19,"column":196}}],"line":19}},"s":{"0":2,"1":2,"2":0,"3":0},"f":{"0":2,"1":2,"2":0},"b":{"0":[0,0]},"_coverageSchema":"332fd63041d2c1bcb487cc26dd0d5f7d97098a6c","hash":"d083f155f444d0378f200481cebf052f992ba4d5"}
,"/Users/yogitasheth/Desktop/gallery/database/index.js": {"path":"/Users/yogitasheth/Desktop/gallery/database/index.js","statementMap":{"0":{"start":{"line":1,"column":17},"end":{"line":1,"column":36}},"1":{"start":{"line":2,"column":17},"end":{"line":2,"column":54}},"2":{"start":{"line":4,"column":11},"end":{"line":4,"column":37}},"3":{"start":{"line":6,"column":0},"end":{"line":6,"column":20}}},"fnMap":{},"branchMap":{},"s":{"0":1,"1":1,"2":1,"3":1},"f":{},"b":{},"_coverageSchema":"332fd63041d2c1bcb487cc26dd0d5f7d97098a6c","hash":"fe0272635cd7e6a8e7d44641bbbdafec3a3a7d31"}
,"/Users/yogitasheth/Desktop/gallery/database/list.js": {"path":"/Users/yogitasheth/Desktop/gallery/database/list.js","statementMap":{"0":{"start":{"line":1,"column":17},"end":{"line":1,"column":36}},"1":{"start":{"line":2,"column":11},"end":{"line":2,"column":32}},"2":{"start":{"line":3,"column":0},"end":{"line":3,"column":34}},"3":{"start":{"line":5,"column":19},"end":{"line":9,"column":2}},"4":{"start":{"line":11,"column":13},"end":{"line":11,"column":47}},"5":{"start":{"line":13,"column":0},"end":{"line":13,"column":22}}},"fnMap":{},"branchMap":{},"s":{"0":1,"1":1,"2":1,"3":1,"4":1,"5":1},"f":{},"b":{},"_coverageSchema":"332fd63041d2c1bcb487cc26dd0d5f7d97098a6c","hash":"413a95c6ce2032ae681a2da4aaff32c1d38cdb67"}
}
