TN:
SF:/Users/Pooja_Kodavanti/Desktop/HR-SDC/gallery/client/src/header.jsx
FN:7,(anonymous_0)
FN:10,(anonymous_1)
FN:19,(anonymous_2)
FNF:3
FNH:2
FNDA:2,(anonymous_0)
FNDA:2,(anonymous_1)
FNDA:0,(anonymous_2)
DA:8,2
DA:12,2
DA:19,0
LF:3
LH:2
BRDA:19,0,0,0
BRDA:19,0,1,0
BRF:2
BRH:0
end_of_record
TN:
SF:/Users/Pooja_Kodavanti/Desktop/HR-SDC/gallery/database/index.js
FN:8,(anonymous_0)
FN:11,(anonymous_1)
FNF:2
FNH:0
FNDA:0,(anonymous_0)
FNDA:0,(anonymous_1)
DA:1,1
DA:3,1
DA:4,1
DA:6,1
DA:8,1
DA:9,0
DA:11,1
DA:12,0
DA:13,0
DA:16,1
DA:22,1
DA:24,1
LF:12
LH:9
BRF:0
BRH:0
end_of_record
